[debug] [2022-01-08T05:57:05.808Z] ----------------------------------------------------------------------
[debug] [2022-01-08T05:57:05.811Z] Command:       C:\Program Files\nodejs\node.exe C:\Users\ianme\AppData\Roaming\npm\node_modules\firebase-tools\lib\bin\firebase.js init
[debug] [2022-01-08T05:57:05.812Z] CLI Version:   10.0.1
[debug] [2022-01-08T05:57:05.812Z] Platform:      win32
[debug] [2022-01-08T05:57:05.813Z] Node Version:  v14.18.0
[debug] [2022-01-08T05:57:05.814Z] Time:          Fri Jan 07 2022 23:57:05 GMT-0600 (hora estándar central)
[debug] [2022-01-08T05:57:05.814Z] ----------------------------------------------------------------------
[debug] 
[debug] [2022-01-08T05:57:05.828Z] > command requires scopes: ["email","openid","https://www.googleapis.com/auth/cloudplatformprojects.readonly","https://www.googleapis.com/auth/firebase","https://www.googleapis.com/auth/cloud-platform"]
[debug] [2022-01-08T05:57:05.828Z] > authorizing via signed-in user (ianmejia.19121999@gmail.com)
[info] 
     ######## #### ########  ######## ########     ###     ######  ########
     ##        ##  ##     ## ##       ##     ##  ##   ##  ##       ##
     ######    ##  ########  ######   ########  #########  ######  ######
     ##        ##  ##    ##  ##       ##     ## ##     ##       ## ##
     ##       #### ##     ## ######## ########  ##     ##  ######  ########

You're about to initialize a Firebase project in this directory:

  C:\Users\ianme\Documents\GitHub\InsIme_SS

[info] 
=== Project Setup
[info] 
[info] First, let's associate this project directory with a Firebase project.
[info] You can create multiple project aliases by running firebase use --add, 
[info] but for now we'll just set up a default project.
[info] 
[debug] [2022-01-08T05:57:41.174Z] >>> [apiv2][query] GET https://firebase.googleapis.com/v1beta1/projects pageSize=100
[debug] [2022-01-08T05:57:41.552Z] <<< [apiv2][status] GET https://firebase.googleapis.com/v1beta1/projects 200
[debug] [2022-01-08T05:57:41.552Z] <<< [apiv2][body] GET https://firebase.googleapis.com/v1beta1/projects [omitted]
